2017-08-20 16:06:29 INFO  Main:151 - Trying open addr: D:\test
2017-08-20 16:06:30 INFO  Main:157 - list with files correctly created
2017-08-20 16:06:30 INFO  Main:124 - searching: "Passed" in file D:\test\1\11\11_f.log
2017-08-20 16:06:30 INFO  Main:143 - finded 52 entry
2017-08-20 16:06:30 INFO  Main:124 - searching: "Passed" in file D:\test\1\1_f.log
2017-08-20 16:06:30 INFO  Main:143 - finded 52 entry
2017-08-20 16:06:30 INFO  Main:124 - searching: "Passed" in file D:\test\2\2_f.log
2017-08-20 16:06:30 INFO  Main:143 - finded 12 entry
2017-08-20 16:06:30 INFO  Main:124 - searching: "Passed" in file D:\test\bigFile.log
2017-08-20 16:06:36 INFO  Main:143 - finded 1052169617 entry
2017-08-20 16:06:36 INFO  Main:124 - searching: "Passed" in file D:\test\test_f.log
2017-08-20 16:06:36 INFO  Main:143 - finded 15 entry
2017-08-20 16:08:54 INFO  Main:151 - Trying open addr: D:\test
2017-08-20 16:08:54 INFO  Main:157 - list with files correctly created
2017-08-20 16:08:54 INFO  Main:124 - searching: "Passed" in file D:\test\1\11\11_f.log
2017-08-20 16:08:54 INFO  Main:143 - finded 52 entry
2017-08-20 16:08:54 INFO  Main:124 - searching: "Passed" in file D:\test\1\1_f.log
2017-08-20 16:08:54 INFO  Main:143 - finded 52 entry
2017-08-20 16:08:54 INFO  Main:124 - searching: "Passed" in file D:\test\2\2_f.log
2017-08-20 16:08:54 INFO  Main:143 - finded 12 entry
2017-08-20 16:08:54 INFO  Main:124 - searching: "Passed" in file D:\test\bigFile.log
2017-08-20 16:08:59 INFO  Main:143 - finded 1052169617 entry
2017-08-20 16:08:59 INFO  Main:124 - searching: "Passed" in file D:\test\test_f.log
2017-08-20 16:08:59 INFO  Main:143 - finded 15 entry
2017-08-20 16:12:29 INFO  Main:151 - Trying open addr: D:\test
2017-08-20 16:12:29 INFO  Main:157 - list with files correctly created
2017-08-20 16:12:29 INFO  Main:124 - searching: "Passed" in file D:\test\1\11\11_f.log
2017-08-20 16:12:29 INFO  Main:143 - finded 52 entry
2017-08-20 16:12:29 INFO  Main:124 - searching: "Passed" in file D:\test\1\1_f.log
2017-08-20 16:12:29 INFO  Main:143 - finded 52 entry
2017-08-20 16:12:29 INFO  Main:124 - searching: "Passed" in file D:\test\2\2_f.log
2017-08-20 16:12:29 INFO  Main:143 - finded 12 entry
2017-08-20 16:12:29 INFO  Main:124 - searching: "Passed" in file D:\test\bigFile.log
2017-08-20 16:12:37 INFO  Main:143 - finded 1052169617 entry
2017-08-20 16:12:37 INFO  Main:124 - searching: "Passed" in file D:\test\test_f.log
2017-08-20 16:12:37 INFO  Main:143 - finded 15 entry
2017-08-20 16:57:17 INFO  Main:151 - Trying open addr: D:\test
2017-08-20 16:57:17 INFO  Main:157 - list with files correctly created
2017-08-20 16:57:17 INFO  Main:124 - searching: "Passed" in file D:\test\1\11\11_f.log
2017-08-20 16:57:17 INFO  Main:143 - finded 52 entry
2017-08-20 16:57:17 INFO  Main:124 - searching: "Passed" in file D:\test\1\1_f.log
2017-08-20 16:57:17 INFO  Main:143 - finded 52 entry
2017-08-20 16:57:17 INFO  Main:124 - searching: "Passed" in file D:\test\2\2_f.log
2017-08-20 16:57:17 INFO  Main:143 - finded 12 entry
2017-08-20 16:57:17 INFO  Main:124 - searching: "Passed" in file D:\test\bigFile.log
2017-08-20 16:57:32 INFO  Main:143 - finded 1052169617 entry
2017-08-20 16:57:32 INFO  Main:124 - searching: "Passed" in file D:\test\test_f.log
2017-08-20 16:57:32 INFO  Main:143 - finded 15 entry
2017-08-20 17:07:46 INFO  Main:151 - Trying open addr: D:\test
2017-08-20 17:07:46 INFO  Main:157 - list with files correctly created
2017-08-20 17:09:29 INFO  Main:151 - Trying open addr: D:\test
2017-08-20 17:09:29 INFO  Main:157 - list with files correctly created
2017-08-20 17:09:39 INFO  Main:154 - Trying open addr: D:\test
2017-08-20 17:09:39 INFO  Main:160 - list with files correctly created
2017-08-20 17:09:39 INFO  Main:127 - searching: "Passed" in file D:\test\1\11\11_f.log
2017-08-20 17:09:39 INFO  Main:146 - finded 52 entry
2017-08-20 17:09:39 INFO  Main:127 - searching: "Passed" in file D:\test\1\1_f.log
2017-08-20 17:09:39 INFO  Main:146 - finded 52 entry
2017-08-20 17:09:39 INFO  Main:127 - searching: "Passed" in file D:\test\2\2_f.log
2017-08-20 17:09:39 INFO  Main:146 - finded 12 entry
2017-08-20 17:09:39 INFO  Main:127 - searching: "Passed" in file D:\test\bigFile.log
2017-08-20 17:09:54 INFO  Main:146 - finded 1052169617 entry
2017-08-20 17:09:54 INFO  Main:127 - searching: "Passed" in file D:\test\test_f.log
2017-08-20 17:09:54 INFO  Main:146 - finded 15 entry
2017-08-20 17:13:45 INFO  Main:154 - Trying open addr: D:\test
2017-08-20 17:13:45 INFO  Main:160 - list with files correctly created
2017-08-20 17:13:45 INFO  Main:127 - searching: "Passed" in file D:\test\1\11\11_f.log
2017-08-20 17:13:45 INFO  Main:146 - finded 52 entry
2017-08-20 17:13:45 INFO  Main:127 - searching: "Passed" in file D:\test\1\1_f.log
2017-08-20 17:13:45 INFO  Main:146 - finded 52 entry
2017-08-20 17:13:45 INFO  Main:127 - searching: "Passed" in file D:\test\2\2_f.log
2017-08-20 17:13:45 INFO  Main:146 - finded 12 entry
2017-08-20 17:13:45 INFO  Main:127 - searching: "Passed" in file D:\test\bigFile.log
2017-08-20 17:14:00 INFO  Main:146 - finded 1052169617 entry
2017-08-20 17:14:00 INFO  Main:127 - searching: "Passed" in file D:\test\test_f.log
2017-08-20 17:14:00 INFO  Main:146 - finded 15 entry
2017-08-20 17:43:36 INFO  Main:133 - Trying open addr: D:\test
2017-08-20 17:43:36 INFO  Main:139 - list with files correctly created
2017-08-20 17:43:36 INFO  Main:107 - searching: "Passed" in file D:\test\1\11\11_f.log
2017-08-20 17:43:36 INFO  Main:126 - finded 52 entry
2017-08-20 17:43:36 INFO  Main:107 - searching: "Passed" in file D:\test\1\1_f.log
2017-08-20 17:43:36 INFO  Main:126 - finded 52 entry
2017-08-20 17:43:36 INFO  Main:107 - searching: "Passed" in file D:\test\2\2_f.log
2017-08-20 17:43:36 INFO  Main:126 - finded 12 entry
2017-08-20 17:43:36 INFO  Main:107 - searching: "Passed" in file D:\test\bigFile.log
2017-08-20 17:43:53 INFO  Main:126 - finded 1052169617 entry
2017-08-20 17:43:53 INFO  Main:107 - searching: "Passed" in file D:\test\test_f.log
2017-08-20 17:43:53 INFO  Main:126 - finded 15 entry
2017-08-20 18:09:04 INFO  Main:135 - Trying open addr: D:\test
2017-08-20 18:09:04 INFO  Main:141 - list with files correctly created
2017-08-20 18:09:04 INFO  Main:109 - searching: "Passed" in file D:\test\1\11\11_f.log
2017-08-20 18:09:04 INFO  Main:128 - finded 52 entry
2017-08-20 18:09:04 INFO  Main:109 - searching: "Passed" in file D:\test\1\1_f.log
2017-08-20 18:09:04 INFO  Main:128 - finded 52 entry
2017-08-20 18:09:04 INFO  Main:109 - searching: "Passed" in file D:\test\2\2_f.log
2017-08-20 18:09:04 INFO  Main:128 - finded 12 entry
2017-08-20 18:09:04 INFO  Main:109 - searching: "Passed" in file D:\test\bigFile.log
2017-08-20 18:09:20 INFO  Main:128 - finded 1052169617 entry
2017-08-20 18:09:20 INFO  Main:109 - searching: "Passed" in file D:\test\test_f.log
2017-08-20 18:09:20 INFO  Main:128 - finded 15 entry
2017-08-20 18:19:23 INFO  Main:135 - Trying open addr: D:\test
2017-08-20 18:19:23 INFO  Main:141 - list with files correctly created
2017-08-20 18:19:23 INFO  Main:109 - searching: "Passed" in file D:\test\1\11\11_f.log
2017-08-20 18:19:23 INFO  Main:128 - finded 52 entry
2017-08-20 18:19:23 INFO  Main:109 - searching: "Passed" in file D:\test\1\1_f.log
2017-08-20 18:19:23 INFO  Main:128 - finded 52 entry
2017-08-20 18:19:23 INFO  Main:109 - searching: "Passed" in file D:\test\2\2_f.log
2017-08-20 18:19:23 INFO  Main:128 - finded 12 entry
2017-08-20 18:19:23 INFO  Main:109 - searching: "Passed" in file D:\test\bigFile.log
2017-08-20 18:19:28 INFO  Main:128 - finded 1052169617 entry
2017-08-20 18:19:28 INFO  Main:109 - searching: "Passed" in file D:\test\test_f.log
2017-08-20 18:19:28 INFO  Main:128 - finded 15 entry
2017-08-20 18:23:38 INFO  Main:135 - Trying open addr: D:\test
2017-08-20 18:23:38 INFO  Main:141 - list with files correctly created
2017-08-20 18:23:38 INFO  Main:109 - searching: "Passed" in file D:\test\1\11\11_f.log
2017-08-20 18:23:38 INFO  Main:128 - finded 52 entry
2017-08-20 18:23:38 INFO  Main:109 - searching: "Passed" in file D:\test\1\1_f.log
2017-08-20 18:23:38 INFO  Main:128 - finded 52 entry
2017-08-20 18:23:38 INFO  Main:109 - searching: "Passed" in file D:\test\2\2_f.log
2017-08-20 18:23:38 INFO  Main:128 - finded 12 entry
2017-08-20 18:23:38 INFO  Main:109 - searching: "Passed" in file D:\test\bigFile.log
2017-08-20 18:23:50 INFO  Main:128 - finded 1052169617 entry
2017-08-20 18:23:50 INFO  Main:109 - searching: "Passed" in file D:\test\test_f.log
2017-08-20 18:23:50 INFO  Main:128 - finded 15 entry
